Oct 18, 2021 1:18:16 PM tears.of.paint.v2.PaintCanvas logAction
INFO: Mon Oct 18 13:18:16 CDT 2021: Rainbow Fun Mode initiated.
Oct 18, 2021 1:18:32 PM tears.of.paint.v2.PaintToolBar logTool
INFO: Mon Oct 18 13:18:32 CDT 2021: Text Tool is selected.
Oct 18, 2021 1:19:57 PM tears.of.paint.v2.PaintToolBar logTool
INFO: Mon Oct 18 13:19:57 CDT 2021: Copy Tool is selected.
Oct 18, 2021 1:20:03 PM tears.of.paint.v2.PaintToolBar logTool
INFO: Mon Oct 18 13:20:03 CDT 2021: Paste Tool is selected.
Oct 18, 2021 1:20:11 PM tears.of.paint.v2.PaintToolBar logTool
INFO: Mon Oct 18 13:20:11 CDT 2021: Polygon Tool is selected.
Oct 18, 2021 1:20:14 PM tears.of.paint.v2.PaintToolBar logTool
INFO: Mon Oct 18 13:20:14 CDT 2021: Paste Tool is selected.
Oct 18, 2021 1:20:15 PM tears.of.paint.v2.PaintToolBar logTool
INFO: Mon Oct 18 13:20:15 CDT 2021: Polygon Tool is selected.
Oct 18, 2021 1:20:16 PM tears.of.paint.v2.PaintToolBar logTool
INFO: Mon Oct 18 13:20:16 CDT 2021: Paste Tool is selected.
Oct 18, 2021 1:20:17 PM tears.of.paint.v2.PaintToolBar logTool
INFO: Mon Oct 18 13:20:17 CDT 2021: Copy Tool is selected.
Oct 18, 2021 1:20:23 PM tears.of.paint.v2.PaintToolBar logTool
INFO: Mon Oct 18 13:20:23 CDT 2021: Paste Tool is selected.
